<?xml version="1.0" encoding="UTF-8"?>
<testsuite xmlns:xsi="http://www.w3.org/2001/XMLSchema-instance" xsi:noNamespaceSchemaLocation="https://maven.apache.org/surefire/maven-surefire-plugin/xsd/surefire-test-report.xsd" name="github.scarsz.discordsrv.util.PlayerUtilTest" time="0.028" tests="2" errors="0" skipped="0" failures="0">
  <properties>
    <property name="git.tags" value=""/>
    <property name="java.specification.version" value="16"/>
    <property name="sun.cpu.isalist" value="amd64"/>
    <property name="sun.jnu.encoding" value="Cp1252"/>
    <property name="git.build.version" value="1.25.1-JHFork"/>
    <property name="java.class.path" value="D:\Users\j0shu\Extra Stuff\Private\Minecraft\Java\Plugins\DiscordSRV\target\test-classes;D:\Users\j0shu\Extra Stuff\Private\Minecraft\Java\Plugins\DiscordSRV\target\classes;C:\Users\j0shu\.m2\repository\net\dv8tion\JDA\4.3.0_349\JDA-4.3.0_349.jar;C:\Users\j0shu\.m2\repository\com\google\code\findbugs\jsr305\3.0.2\jsr305-3.0.2.jar;C:\Users\j0shu\.m2\repository\org\slf4j\slf4j-api\1.7.25\slf4j-api-1.7.25.jar;C:\Users\j0shu\.m2\repository\com\squareup\okhttp3\okhttp\3.13.0\okhttp-3.13.0.jar;C:\Users\j0shu\.m2\repository\com\squareup\okio\okio\1.17.2\okio-1.17.2.jar;C:\Users\j0shu\.m2\repository\org\apache\commons\commons-collections4\4.1\commons-collections4-4.1.jar;C:\Users\j0shu\.m2\repository\com\fasterxml\jackson\core\jackson-databind\2.10.1\jackson-databind-2.10.1.jar;C:\Users\j0shu\.m2\repository\com\fasterxml\jackson\core\jackson-annotations\2.10.1\jackson-annotations-2.10.1.jar;C:\Users\j0shu\.m2\repository\com\fasterxml\jackson\core\jackson-core\2.10.1\jackson-core-2.10.1.jar;C:\Users\j0shu\.m2\repository\com\neovisionaries\nv-websocket-client\2.14\nv-websocket-client-2.14.jar;C:\Users\j0shu\.m2\repository\net\sf\trove4j\trove4j\3.0.3\trove4j-3.0.3.jar;C:\Users\j0shu\.m2\repository\com\destroystokyo\paper\paper-api\1.16.5-R0.1-SNAPSHOT\paper-api-1.16.5-R0.1-SNAPSHOT.jar;C:\Users\j0shu\.m2\repository\com\googlecode\json-simple\json-simple\1.1.1\json-simple-1.1.1.jar;C:\Users\j0shu\.m2\repository\com\google\code\gson\gson\2.8.0\gson-2.8.0.jar;C:\Users\j0shu\.m2\repository\net\md-5\bungeecord-chat\1.16-R0.4\bungeecord-chat-1.16-R0.4.jar;C:\Users\j0shu\.m2\repository\org\yaml\snakeyaml\1.27\snakeyaml-1.27.jar;C:\Users\j0shu\.m2\repository\org\ow2\asm\asm\9.0\asm-9.0.jar;C:\Users\j0shu\.m2\repository\org\ow2\asm\asm-commons\9.0\asm-commons-9.0.jar;C:\Users\j0shu\.m2\repository\org\ow2\asm\asm-tree\9.0\asm-tree-9.0.jar;C:\Users\j0shu\.m2\repository\org\ow2\asm\asm-analysis\9.0\asm-analysis-9.0.jar;C:\Users\j0shu\.m2\repository\github\scarsz\configuralize\1.3.2\configuralize-1.3.2.jar;C:\Users\j0shu\.m2\repository\com\github\alexheretic\dynamics\4.0\dynamics-4.0.jar;C:\Users\j0shu\.m2\repository\com\github\alexheretic\fluent\2.0\fluent-2.0.jar;C:\Users\j0shu\.m2\repository\org\projectlombok\lombok\1.18.22\lombok-1.18.22.jar;C:\Users\j0shu\.m2\repository\org\apache\logging\log4j\log4j-core\2.0-beta9\log4j-core-2.0-beta9.jar;C:\Users\j0shu\.m2\repository\org\apache\logging\log4j\log4j-api\2.0-beta9\log4j-api-2.0-beta9.jar;C:\Users\j0shu\.m2\repository\org\slf4j\slf4j-jdk14\1.7.36\slf4j-jdk14-1.7.36.jar;C:\Users\j0shu\.m2\repository\org\slf4j\jcl-over-slf4j\1.7.36\jcl-over-slf4j-1.7.36.jar;C:\Users\j0shu\.m2\repository\me\scarsz\jdaappender\1.0.2\jdaappender-1.0.2.jar;C:\Users\j0shu\.m2\repository\commons-io\commons-io\2.11.0\commons-io-2.11.0.jar;C:\Users\j0shu\.m2\repository\commons-collections\commons-collections\3.2.2\commons-collections-3.2.2.jar;C:\Users\j0shu\.m2\repository\org\apache\commons\commons-lang3\3.12.0\commons-lang3-3.12.0.jar;C:\Users\j0shu\.m2\repository\commons-codec\commons-codec\1.15\commons-codec-1.15.jar;C:\Users\j0shu\.m2\repository\com\google\guava\guava\31.0.1-jre\guava-31.0.1-jre.jar;C:\Users\j0shu\.m2\repository\com\google\guava\failureaccess\1.0.1\failureaccess-1.0.1.jar;C:\Users\j0shu\.m2\repository\com\google\guava\listenablefuture\9999.0-empty-to-avoid-conflict-with-guava\listenablefuture-9999.0-empty-to-avoid-conflict-with-guava.jar;C:\Users\j0shu\.m2\repository\org\checkerframework\checker-qual\3.12.0\checker-qual-3.12.0.jar;C:\Users\j0shu\.m2\repository\com\google\errorprone\error_prone_annotations\2.7.1\error_prone_annotations-2.7.1.jar;C:\Users\j0shu\.m2\repository\com\google\j2objc\j2objc-annotations\1.3\j2objc-annotations-1.3.jar;C:\Users\j0shu\.m2\repository\mysql\mysql-connector-java\5.1.49\mysql-connector-java-5.1.49.jar;C:\Users\j0shu\.m2\repository\com\vdurmont\emoji-java\5.1.1\emoji-java-5.1.1.jar;C:\Users\j0shu\.m2\repository\org\json\json\20170516\json-20170516.jar;C:\Users\j0shu\.m2\repository\com\github\zafarkhaja\java-semver\0.9.0\java-semver-0.9.0.jar;C:\Users\j0shu\.m2\repository\com\github\kevinsawicki\http-request\6.0\http-request-6.0.jar;C:\Users\j0shu\.m2\repository\org\minidns\minidns-hla\1.0.3\minidns-hla-1.0.3.jar;C:\Users\j0shu\.m2\repository\org\minidns\minidns-dnssec\1.0.3\minidns-dnssec-1.0.3.jar;C:\Users\j0shu\.m2\repository\org\minidns\minidns-client\1.0.3\minidns-client-1.0.3.jar;C:\Users\j0shu\.m2\repository\org\minidns\minidns-core\1.0.3\minidns-core-1.0.3.jar;C:\Users\j0shu\.m2\repository\org\minidns\minidns-iterative-resolver\1.0.3\minidns-iterative-resolver-1.0.3.jar;C:\Users\j0shu\.m2\repository\org\springframework\spring-expression\5.3.16\spring-expression-5.3.16.jar;C:\Users\j0shu\.m2\repository\org\springframework\spring-core\5.3.16\spring-core-5.3.16.jar;C:\Users\j0shu\.m2\repository\dev\vankka\MCDiscordReserializer\4.2.2\MCDiscordReserializer-4.2.2.jar;C:\Users\j0shu\.m2\repository\dev\vankka\SimpleAST\2.2.7\SimpleAST-2.2.7.jar;C:\Users\j0shu\.m2\repository\net\kyori\adventure-api\4.9.3\adventure-api-4.9.3.jar;C:\Users\j0shu\.m2\repository\net\kyori\adventure-key\4.9.3\adventure-key-4.9.3.jar;C:\Users\j0shu\.m2\repository\net\kyori\examination-api\1.3.0\examination-api-1.3.0.jar;C:\Users\j0shu\.m2\repository\net\kyori\examination-string\1.3.0\examination-string-1.3.0.jar;C:\Users\j0shu\.m2\repository\net\kyori\adventure-text-serializer-legacy\4.9.3\adventure-text-serializer-legacy-4.9.3.jar;C:\Users\j0shu\.m2\repository\net\kyori\adventure-text-serializer-gson\4.9.3\adventure-text-serializer-gson-4.9.3.jar;C:\Users\j0shu\.m2\repository\net\kyori\adventure-text-serializer-plain\4.9.3\adventure-text-serializer-plain-4.9.3.jar;C:\Users\j0shu\.m2\repository\net\kyori\adventure-platform-bukkit\4.0.1\adventure-platform-bukkit-4.0.1.jar;C:\Users\j0shu\.m2\repository\net\kyori\adventure-platform-api\4.0.1\adventure-platform-api-4.0.1.jar;C:\Users\j0shu\.m2\repository\net\kyori\adventure-text-serializer-bungeecord\4.0.1\adventure-text-serializer-bungeecord-4.0.1.jar;C:\Users\j0shu\.m2\repository\net\kyori\adventure-nbt\4.9.1\adventure-nbt-4.9.1.jar;C:\Users\j0shu\.m2\repository\net\kyori\adventure-text-serializer-gson-legacy-impl\4.9.1\adventure-text-serializer-gson-legacy-impl-4.9.1.jar;C:\Users\j0shu\.m2\repository\net\kyori\adventure-platform-facet\4.0.1\adventure-platform-facet-4.0.1.jar;C:\Users\j0shu\.m2\repository\net\kyori\adventure-platform-viaversion\4.0.1\adventure-platform-viaversion-4.0.1.jar;C:\Users\j0shu\.m2\repository\net\kyori\adventure-text-minimessage\4.1.0-20210316.192746\adventure-text-minimessage-4.1.0-20210316.192746.jar;C:\Users\j0shu\.m2\repository\ru\mrbrikster\chatty-api\2.18.2\chatty-api-2.18.2.jar;C:\Users\j0shu\.m2\repository\br\com\finalcraft\fancychat\1.0.2\fancychat-1.0.2.jar;C:\Users\j0shu\.m2\repository\com\dthielke\herochat\Herochat\5.6.5\Herochat-5.6.5.jar;C:\Users\j0shu\.m2\repository\br\com\devpaulo\legendchat\1.1.5\legendchat-1.1.5.jar;C:\Users\j0shu\.m2\repository\com\github\ucchyocean\lc\LunaChat\3.0.16\LunaChat-3.0.16.jar;C:\Users\j0shu\.m2\repository\com\palmergames\bukkit\TownyChat\0.45\TownyChat-0.45.jar;C:\Users\j0shu\.m2\repository\mineverse\aust1n46\venturechat\2.20.1\venturechat-2.20.1.jar;C:\Users\j0shu\.m2\repository\com\comphenix\protocol\ProtocolLib\4.5.0\ProtocolLib-4.5.0.jar;C:\Users\j0shu\.m2\repository\de\myzelyam\SuperVanish\6.2.0\SuperVanish-6.2.0.jar;C:\Users\j0shu\.m2\repository\net\luckperms\api\5.4\api-5.4.jar;C:\Users\j0shu\.m2\repository\com\onarandombox\MultiverseCore\Multiverse-Core\2.4\Multiverse-Core-2.4.jar;C:\Users\j0shu\.m2\repository\org\dynmap\dynmap-api\2.0\dynmap-api-2.0.jar;C:\Users\j0shu\.m2\repository\ch\njol\skript\2.5\skript-2.5.jar;C:\Users\j0shu\.m2\repository\net\milkbowl\vault\VaultAPI\1.7\VaultAPI-1.7.jar;C:\Users\j0shu\.m2\repository\org\bukkit\bukkit\1.13.1-R0.1-SNAPSHOT\bukkit-1.13.1-R0.1-SNAPSHOT.jar;C:\Users\j0shu\.m2\repository\commons-lang\commons-lang\2.6\commons-lang-2.6.jar;C:\Users\j0shu\.m2\repository\com\gmail\nossr50\mcmmo\1.5.07\mcmmo-1.5.07.jar;C:\Users\j0shu\.m2\repository\me\clip\placeholderapi\2.10.7\placeholderapi-2.10.7.jar;C:\Users\j0shu\.m2\repository\org\jetbrains\annotations\23.0.0\annotations-23.0.0.jar;C:\Users\j0shu\.m2\repository\org\bstats\bstats-bukkit\2.2.1\bstats-bukkit-2.2.1.jar;C:\Users\j0shu\.m2\repository\org\bstats\bstats-base\2.2.1\bstats-base-2.2.1.jar;C:\Users\j0shu\.m2\repository\junit\junit\4.13.2\junit-4.13.2.jar;C:\Users\j0shu\.m2\repository\org\hamcrest\hamcrest-core\1.3\hamcrest-core-1.3.jar;"/>
    <property name="git.branch" value="master"/>
    <property name="git.build.host" value="DESKTOP-OPI01R8"/>
    <property name="java.vm.vendor" value="Oracle Corporation"/>
    <property name="sun.arch.data.model" value="64"/>
    <property name="user.variant" value=""/>
    <property name="git.commit.id" value="f0efd5d822a4ca6c1daa3a21854426e7dbbedd68"/>
    <property name="java.vendor.url" value="https://java.oracle.com/"/>
    <property name="user.timezone" value="Europe/London"/>
    <property name="java.vm.specification.version" value="16"/>
    <property name="os.name" value="Windows 10"/>
    <property name="sun.java.launcher" value="SUN_STANDARD"/>
    <property name="user.country" value="GB"/>
    <property name="git.build.user.name" value="JHarris12345"/>
    <property name="sun.boot.library.path" value="C:\Program Files\Java\jdk-16.0.1\bin"/>
    <property name="sun.java.command" value="C:\Users\j0shu\AppData\Local\Temp\surefire4873748832637174673\surefirebooter13181202809820875946.jar C:\Users\j0shu\AppData\Local\Temp\surefire4873748832637174673 2022-04-07T14-19-21_348-jvmRun1 surefire14572216065182266383tmp surefire_02885142336653363620tmp"/>
    <property name="jdk.debug" value="release"/>
    <property name="surefire.test.class.path" value="D:\Users\j0shu\Extra Stuff\Private\Minecraft\Java\Plugins\DiscordSRV\target\test-classes;D:\Users\j0shu\Extra Stuff\Private\Minecraft\Java\Plugins\DiscordSRV\target\classes;C:\Users\j0shu\.m2\repository\net\dv8tion\JDA\4.3.0_349\JDA-4.3.0_349.jar;C:\Users\j0shu\.m2\repository\com\google\code\findbugs\jsr305\3.0.2\jsr305-3.0.2.jar;C:\Users\j0shu\.m2\repository\org\slf4j\slf4j-api\1.7.25\slf4j-api-1.7.25.jar;C:\Users\j0shu\.m2\repository\com\squareup\okhttp3\okhttp\3.13.0\okhttp-3.13.0.jar;C:\Users\j0shu\.m2\repository\com\squareup\okio\okio\1.17.2\okio-1.17.2.jar;C:\Users\j0shu\.m2\repository\org\apache\commons\commons-collections4\4.1\commons-collections4-4.1.jar;C:\Users\j0shu\.m2\repository\com\fasterxml\jackson\core\jackson-databind\2.10.1\jackson-databind-2.10.1.jar;C:\Users\j0shu\.m2\repository\com\fasterxml\jackson\core\jackson-annotations\2.10.1\jackson-annotations-2.10.1.jar;C:\Users\j0shu\.m2\repository\com\fasterxml\jackson\core\jackson-core\2.10.1\jackson-core-2.10.1.jar;C:\Users\j0shu\.m2\repository\com\neovisionaries\nv-websocket-client\2.14\nv-websocket-client-2.14.jar;C:\Users\j0shu\.m2\repository\net\sf\trove4j\trove4j\3.0.3\trove4j-3.0.3.jar;C:\Users\j0shu\.m2\repository\com\destroystokyo\paper\paper-api\1.16.5-R0.1-SNAPSHOT\paper-api-1.16.5-R0.1-SNAPSHOT.jar;C:\Users\j0shu\.m2\repository\com\googlecode\json-simple\json-simple\1.1.1\json-simple-1.1.1.jar;C:\Users\j0shu\.m2\repository\com\google\code\gson\gson\2.8.0\gson-2.8.0.jar;C:\Users\j0shu\.m2\repository\net\md-5\bungeecord-chat\1.16-R0.4\bungeecord-chat-1.16-R0.4.jar;C:\Users\j0shu\.m2\repository\org\yaml\snakeyaml\1.27\snakeyaml-1.27.jar;C:\Users\j0shu\.m2\repository\org\ow2\asm\asm\9.0\asm-9.0.jar;C:\Users\j0shu\.m2\repository\org\ow2\asm\asm-commons\9.0\asm-commons-9.0.jar;C:\Users\j0shu\.m2\repository\org\ow2\asm\asm-tree\9.0\asm-tree-9.0.jar;C:\Users\j0shu\.m2\repository\org\ow2\asm\asm-analysis\9.0\asm-analysis-9.0.jar;C:\Users\j0shu\.m2\repository\github\scarsz\configuralize\1.3.2\configuralize-1.3.2.jar;C:\Users\j0shu\.m2\repository\com\github\alexheretic\dynamics\4.0\dynamics-4.0.jar;C:\Users\j0shu\.m2\repository\com\github\alexheretic\fluent\2.0\fluent-2.0.jar;C:\Users\j0shu\.m2\repository\org\projectlombok\lombok\1.18.22\lombok-1.18.22.jar;C:\Users\j0shu\.m2\repository\org\apache\logging\log4j\log4j-core\2.0-beta9\log4j-core-2.0-beta9.jar;C:\Users\j0shu\.m2\repository\org\apache\logging\log4j\log4j-api\2.0-beta9\log4j-api-2.0-beta9.jar;C:\Users\j0shu\.m2\repository\org\slf4j\slf4j-jdk14\1.7.36\slf4j-jdk14-1.7.36.jar;C:\Users\j0shu\.m2\repository\org\slf4j\jcl-over-slf4j\1.7.36\jcl-over-slf4j-1.7.36.jar;C:\Users\j0shu\.m2\repository\me\scarsz\jdaappender\1.0.2\jdaappender-1.0.2.jar;C:\Users\j0shu\.m2\repository\commons-io\commons-io\2.11.0\commons-io-2.11.0.jar;C:\Users\j0shu\.m2\repository\commons-collections\commons-collections\3.2.2\commons-collections-3.2.2.jar;C:\Users\j0shu\.m2\repository\org\apache\commons\commons-lang3\3.12.0\commons-lang3-3.12.0.jar;C:\Users\j0shu\.m2\repository\commons-codec\commons-codec\1.15\commons-codec-1.15.jar;C:\Users\j0shu\.m2\repository\com\google\guava\guava\31.0.1-jre\guava-31.0.1-jre.jar;C:\Users\j0shu\.m2\repository\com\google\guava\failureaccess\1.0.1\failureaccess-1.0.1.jar;C:\Users\j0shu\.m2\repository\com\google\guava\listenablefuture\9999.0-empty-to-avoid-conflict-with-guava\listenablefuture-9999.0-empty-to-avoid-conflict-with-guava.jar;C:\Users\j0shu\.m2\repository\org\checkerframework\checker-qual\3.12.0\checker-qual-3.12.0.jar;C:\Users\j0shu\.m2\repository\com\google\errorprone\error_prone_annotations\2.7.1\error_prone_annotations-2.7.1.jar;C:\Users\j0shu\.m2\repository\com\google\j2objc\j2objc-annotations\1.3\j2objc-annotations-1.3.jar;C:\Users\j0shu\.m2\repository\mysql\mysql-connector-java\5.1.49\mysql-connector-java-5.1.49.jar;C:\Users\j0shu\.m2\repository\com\vdurmont\emoji-java\5.1.1\emoji-java-5.1.1.jar;C:\Users\j0shu\.m2\repository\org\json\json\20170516\json-20170516.jar;C:\Users\j0shu\.m2\repository\com\github\zafarkhaja\java-semver\0.9.0\java-semver-0.9.0.jar;C:\Users\j0shu\.m2\repository\com\github\kevinsawicki\http-request\6.0\http-request-6.0.jar;C:\Users\j0shu\.m2\repository\org\minidns\minidns-hla\1.0.3\minidns-hla-1.0.3.jar;C:\Users\j0shu\.m2\repository\org\minidns\minidns-dnssec\1.0.3\minidns-dnssec-1.0.3.jar;C:\Users\j0shu\.m2\repository\org\minidns\minidns-client\1.0.3\minidns-client-1.0.3.jar;C:\Users\j0shu\.m2\repository\org\minidns\minidns-core\1.0.3\minidns-core-1.0.3.jar;C:\Users\j0shu\.m2\repository\org\minidns\minidns-iterative-resolver\1.0.3\minidns-iterative-resolver-1.0.3.jar;C:\Users\j0shu\.m2\repository\org\springframework\spring-expression\5.3.16\spring-expression-5.3.16.jar;C:\Users\j0shu\.m2\repository\org\springframework\spring-core\5.3.16\spring-core-5.3.16.jar;C:\Users\j0shu\.m2\repository\dev\vankka\MCDiscordReserializer\4.2.2\MCDiscordReserializer-4.2.2.jar;C:\Users\j0shu\.m2\repository\dev\vankka\SimpleAST\2.2.7\SimpleAST-2.2.7.jar;C:\Users\j0shu\.m2\repository\net\kyori\adventure-api\4.9.3\adventure-api-4.9.3.jar;C:\Users\j0shu\.m2\repository\net\kyori\adventure-key\4.9.3\adventure-key-4.9.3.jar;C:\Users\j0shu\.m2\repository\net\kyori\examination-api\1.3.0\examination-api-1.3.0.jar;C:\Users\j0shu\.m2\repository\net\kyori\examination-string\1.3.0\examination-string-1.3.0.jar;C:\Users\j0shu\.m2\repository\net\kyori\adventure-text-serializer-legacy\4.9.3\adventure-text-serializer-legacy-4.9.3.jar;C:\Users\j0shu\.m2\repository\net\kyori\adventure-text-serializer-gson\4.9.3\adventure-text-serializer-gson-4.9.3.jar;C:\Users\j0shu\.m2\repository\net\kyori\adventure-text-serializer-plain\4.9.3\adventure-text-serializer-plain-4.9.3.jar;C:\Users\j0shu\.m2\repository\net\kyori\adventure-platform-bukkit\4.0.1\adventure-platform-bukkit-4.0.1.jar;C:\Users\j0shu\.m2\repository\net\kyori\adventure-platform-api\4.0.1\adventure-platform-api-4.0.1.jar;C:\Users\j0shu\.m2\repository\net\kyori\adventure-text-serializer-bungeecord\4.0.1\adventure-text-serializer-bungeecord-4.0.1.jar;C:\Users\j0shu\.m2\repository\net\kyori\adventure-nbt\4.9.1\adventure-nbt-4.9.1.jar;C:\Users\j0shu\.m2\repository\net\kyori\adventure-text-serializer-gson-legacy-impl\4.9.1\adventure-text-serializer-gson-legacy-impl-4.9.1.jar;C:\Users\j0shu\.m2\repository\net\kyori\adventure-platform-facet\4.0.1\adventure-platform-facet-4.0.1.jar;C:\Users\j0shu\.m2\repository\net\kyori\adventure-platform-viaversion\4.0.1\adventure-platform-viaversion-4.0.1.jar;C:\Users\j0shu\.m2\repository\net\kyori\adventure-text-minimessage\4.1.0-20210316.192746\adventure-text-minimessage-4.1.0-20210316.192746.jar;C:\Users\j0shu\.m2\repository\ru\mrbrikster\chatty-api\2.18.2\chatty-api-2.18.2.jar;C:\Users\j0shu\.m2\repository\br\com\finalcraft\fancychat\1.0.2\fancychat-1.0.2.jar;C:\Users\j0shu\.m2\repository\com\dthielke\herochat\Herochat\5.6.5\Herochat-5.6.5.jar;C:\Users\j0shu\.m2\repository\br\com\devpaulo\legendchat\1.1.5\legendchat-1.1.5.jar;C:\Users\j0shu\.m2\repository\com\github\ucchyocean\lc\LunaChat\3.0.16\LunaChat-3.0.16.jar;C:\Users\j0shu\.m2\repository\com\palmergames\bukkit\TownyChat\0.45\TownyChat-0.45.jar;C:\Users\j0shu\.m2\repository\mineverse\aust1n46\venturechat\2.20.1\venturechat-2.20.1.jar;C:\Users\j0shu\.m2\repository\com\comphenix\protocol\ProtocolLib\4.5.0\ProtocolLib-4.5.0.jar;C:\Users\j0shu\.m2\repository\de\myzelyam\SuperVanish\6.2.0\SuperVanish-6.2.0.jar;C:\Users\j0shu\.m2\repository\net\luckperms\api\5.4\api-5.4.jar;C:\Users\j0shu\.m2\repository\com\onarandombox\MultiverseCore\Multiverse-Core\2.4\Multiverse-Core-2.4.jar;C:\Users\j0shu\.m2\repository\org\dynmap\dynmap-api\2.0\dynmap-api-2.0.jar;C:\Users\j0shu\.m2\repository\ch\njol\skript\2.5\skript-2.5.jar;C:\Users\j0shu\.m2\repository\net\milkbowl\vault\VaultAPI\1.7\VaultAPI-1.7.jar;C:\Users\j0shu\.m2\repository\org\bukkit\bukkit\1.13.1-R0.1-SNAPSHOT\bukkit-1.13.1-R0.1-SNAPSHOT.jar;C:\Users\j0shu\.m2\repository\commons-lang\commons-lang\2.6\commons-lang-2.6.jar;C:\Users\j0shu\.m2\repository\com\gmail\nossr50\mcmmo\1.5.07\mcmmo-1.5.07.jar;C:\Users\j0shu\.m2\repository\me\clip\placeholderapi\2.10.7\placeholderapi-2.10.7.jar;C:\Users\j0shu\.m2\repository\org\jetbrains\annotations\23.0.0\annotations-23.0.0.jar;C:\Users\j0shu\.m2\repository\org\bstats\bstats-bukkit\2.2.1\bstats-bukkit-2.2.1.jar;C:\Users\j0shu\.m2\repository\org\bstats\bstats-base\2.2.1\bstats-base-2.2.1.jar;C:\Users\j0shu\.m2\repository\junit\junit\4.13.2\junit-4.13.2.jar;C:\Users\j0shu\.m2\repository\org\hamcrest\hamcrest-core\1.3\hamcrest-core-1.3.jar;"/>
    <property name="sun.cpu.endian" value="little"/>
    <property name="user.home" value="C:\Users\j0shu"/>
    <property name="user.language" value="en"/>
    <property name="git.closest.tag.commit.count" value=""/>
    <property name="java.specification.vendor" value="Oracle Corporation"/>
    <property name="java.version.date" value="2021-04-20"/>
    <property name="java.home" value="C:\Program Files\Java\jdk-16.0.1"/>
    <property name="git.total.commit.count" value="3501"/>
    <property name="file.separator" value="\"/>
    <property name="basedir" value="D:\Users\j0shu\Extra Stuff\Private\Minecraft\Java\Plugins\DiscordSRV"/>
    <property name="java.vm.compressedOopsMode" value="Zero based"/>
    <property name="line.separator" value="&#10;"/>
    <property name="git.build.user.email" value="j0shuah@hotmail.co.uk"/>
    <property name="java.vm.specification.vendor" value="Oracle Corporation"/>
    <property name="java.specification.name" value="Java Platform API Specification"/>
    <property name="git.closest.tag.name" value=""/>
    <property name="git.local.branch.ahead" value="0"/>
    <property name="git.build.time" value="2022-04-07T14:19:11+0100"/>
    <property name="surefire.real.class.path" value="C:\Users\j0shu\AppData\Local\Temp\surefire4873748832637174673\surefirebooter13181202809820875946.jar"/>
    <property name="git.commit.message.full" value="Fixed typo"/>
    <property name="user.script" value=""/>
    <property name="sun.management.compiler" value="HotSpot 64-Bit Tiered Compilers"/>
    <property name="java.runtime.version" value="16.0.1+9-24"/>
    <property name="user.name" value="j0shu"/>
    <property name="path.separator" value=";"/>
    <property name="os.version" value="10.0"/>
    <property name="java.runtime.name" value="Java(TM) SE Runtime Environment"/>
    <property name="file.encoding" value="Cp1252"/>
    <property name="git.commit.user.email" value="j0shuah@hotmail.co.uk"/>
    <property name="java.vm.name" value="Java HotSpot(TM) 64-Bit Server VM"/>
    <property name="git.local.branch.behind" value="0"/>
    <property name="git.dirty" value="true"/>
    <property name="localRepository" value="C:\Users\j0shu\.m2\repository"/>
    <property name="java.vendor.url.bug" value="https://bugreport.java.com/bugreport/"/>
    <property name="java.io.tmpdir" value="C:\Users\j0shu\AppData\Local\Temp\"/>
    <property name="idea.version" value="2020.3.3"/>
    <property name="java.version" value="16.0.1"/>
    <property name="user.dir" value="D:\Users\j0shu\Extra Stuff\Private\Minecraft\Java\Plugins\DiscordSRV"/>
    <property name="os.arch" value="amd64"/>
    <property name="git.commit.user.name" value="JHarris12345"/>
    <property name="git.commit.id.abbrev" value="f0efd5d"/>
    <property name="java.vm.specification.name" value="Java Virtual Machine Specification"/>
    <property name="git.commit.id.describe-short" value="f0efd5d-dirty"/>
    <property name="sun.os.patch.level" value=""/>
    <property name="git.commit.id.describe" value="f0efd5d-dirty"/>
    <property name="java.library.path" value="C:\Program Files\Java\jdk-16.0.1\bin;C:\WINDOWS\Sun\Java\bin;C:\WINDOWS\system32;C:\WINDOWS;C:\Program Files (x86)\Common Files\Intel\Shared Libraries\redist\intel64_win\compiler;C:\Program Files (x86)\Common Files\Intel\Shared Libraries\redist\intel64\compiler;C:\Program Files (x86)\Intel\Intel(R) Management Engine Components\iCLS\;C:\Program Files\Intel\Intel(R) Management Engine Components\iCLS\;C:\Windows\system32;C:\Windows;C:\Windows\System32\Wbem;C:\Windows\System32\WindowsPowerShell\v1.0\;C:\Windows\System32\OpenSSH\;C:\Program Files\NVIDIA Corporation\NVIDIA NGX;C:\Program Files (x86)\NVIDIA Corporation\PhysX\Common;C:\Program Files\NVIDIA Corporation\NVIDIA NvDLISR;C:\Program Files (x86)\Intel\Intel(R) Management Engine Components\DAL;C:\Program Files\Intel\Intel(R) Management Engine Components\DAL;C:\Program Files (x86)\Intel\Intel(R) Management Engine Components\IPT;C:\Program Files\Intel\Intel(R) Management Engine Components\IPT;C:\Program Files\Intel\WiFi\bin\;C:\Program Files\Common Files\Intel\WirelessCommon\;C:\Program Files\PuTTY\;C:\Program Files\WorldPainter;C:\WINDOWS\system32;C:\WINDOWS;C:\WINDOWS\System32\Wbem;C:\WINDOWS\System32\WindowsPowerShell\v1.0\;C:\WINDOWS\System32\OpenSSH\;C:\Program Files\Git\cmd;C:\Program Files\Maven\bin\;C:\Program Files\Java\jdk-16.0.1;C:\Program Files\Java\jdk-16.0.1\bin;C:\Users\j0shu\AppData\Local\Microsoft\WindowsApps;C:\Users\j0shu\AppData\Local\GitHubDesktop\bin;C:\Program Files\kotlinc\bin;;."/>
    <property name="git.commit.message.short" value="Fixed typo"/>
    <property name="java.vm.info" value="mixed mode, sharing"/>
    <property name="java.vendor" value="Oracle Corporation"/>
    <property name="java.vm.version" value="16.0.1+9-24"/>
    <property name="sun.io.unicode.encoding" value="UnicodeLittle"/>
    <property name="java.class.version" value="60.0"/>
    <property name="git.commit.time" value="2022-04-07T14:17:38+0100"/>
    <property name="git.remote.origin.url" value="https://github.com/JHarris12345/DiscordSRV.git"/>
  </properties>
  <testcase name="parseValidTargetSelectors" classname="github.scarsz.discordsrv.util.PlayerUtilTest" time="0.028"/>
  <testcase name="parseInvalidTargetSelectors" classname="github.scarsz.discordsrv.util.PlayerUtilTest" time="0"/>
</testsuite>